<?xml version="1.0" encoding="UTF-8"?>
<!-- Generated by org.testng.reporters.JUnitReportReporter -->
<testsuite hostname="Amit" failures="0" tests="1" name="cloudIntegration.BrowserstackWeb" time="8.919" errors="0" timestamp="2022-09-16T13:57:38 IST" skipped="0">
  <testcase classname="cloudIntegration.BrowserstackWeb" name="run" time="8.919"/>
  <system-out/>
</testsuite> <!-- cloudIntegration.BrowserstackWeb -->
