<?xml version="1.0" encoding="UTF-8"?>
<!-- Generated by org.testng.reporters.JUnitReportReporter -->
<testsuite hostname="Amit" failures="0" tests="1" name="DesktopTesting.WordAutomation" time="37.858" errors="0" timestamp="2022-04-27T16:29:06 IST" skipped="0">
  <testcase classname="DesktopTesting.WordAutomation" name="start" time="37.858"/>
  <system-out/>
</testsuite> <!-- DesktopTesting.WordAutomation -->
