<?xml version="1.0" encoding="UTF-8"?>
<!-- Generated by org.testng.reporters.JUnitReportReporter -->
<testsuite hostname="Amit" failures="0" tests="1" name="DesktopPowerPointTc1" time="57.334" errors="0" timestamp="2022-04-26T10:42:50 IST" skipped="0">
  <testcase classname="DesktopPowerPointTc1" name="start" time="57.334"/>
  <system-out/>
</testsuite> <!-- DesktopPowerPointTc1 -->
