<?xml version="1.0" encoding="UTF-8"?>
<!-- Generated by org.testng.reporters.JUnitReportReporter -->
<testsuite hostname="Amit" failures="0" tests="1" name="databasetesting.CloudFirebase" time="3.501" errors="1" timestamp="2022-03-21T21:46:20 IST" skipped="0">
  <testcase classname="databasetesting.CloudFirebase" name="dbinstance" time="3.501">
    <error message="com.google.api.gax.rpc.PermissionDeniedException: io.grpc.StatusRuntimeException: PERMISSION_DENIED: Missing or insufficient permissions." type="java.util.concurrent.ExecutionException">
      <![CDATA[java.util.concurrent.ExecutionException: com.google.api.gax.rpc.PermissionDeniedException: io.grpc.StatusRuntimeException: PERMISSION_DENIED: Missing or insufficient permissions.
at com.google.common.util.concurrent.AbstractFuture.getDoneValue(AbstractFuture.java:588)
at com.google.common.util.concurrent.AbstractFuture.get(AbstractFuture.java:567)
at com.google.common.util.concurrent.FluentFuture$TrustedFuture.get(FluentFuture.java:92)
at com.google.common.util.concurrent.ForwardingFuture.get(ForwardingFuture.java:66)
at databasetesting.CloudFirebase.dbinstance(CloudFirebase.java:38)
at java.base/jdk.internal.reflect.NativeMethodAccessorImpl.invoke0(Native Method)
at java.base/jdk.internal.reflect.NativeMethodAccessorImpl.invoke(NativeMethodAccessorImpl.java:77)
at java.base/jdk.internal.reflect.DelegatingMethodAccessorImpl.invoke(DelegatingMethodAccessorImpl.java:43)
at java.base/java.lang.reflect.Method.invoke(Method.java:568)
at org.testng.internal.MethodInvocationHelper.invokeMethod(MethodInvocationHelper.java:133)
at org.testng.internal.TestInvoker.invokeMethod(TestInvoker.java:598)
at org.testng.internal.TestInvoker.invokeTestMethod(TestInvoker.java:173)
at org.testng.internal.MethodRunner.runInSequence(MethodRunner.java:46)
at org.testng.internal.TestInvoker$MethodInvocationAgent.invoke(TestInvoker.java:824)
at org.testng.internal.TestInvoker.invokeTestMethods(TestInvoker.java:146)
at org.testng.internal.TestMethodWorker.invokeTestMethods(TestMethodWorker.java:146)
at org.testng.internal.TestMethodWorker.run(TestMethodWorker.java:128)
at java.base/java.util.ArrayList.forEach(ArrayList.java:1511)
at org.testng.TestRunner.privateRun(TestRunner.java:794)
at org.testng.TestRunner.run(TestRunner.java:596)
at org.testng.SuiteRunner.runTest(SuiteRunner.java:377)
at org.testng.SuiteRunner.runSequentially(SuiteRunner.java:371)
at org.testng.SuiteRunner.privateRun(SuiteRunner.java:332)
at org.testng.SuiteRunner.run(SuiteRunner.java:276)
at org.testng.SuiteRunnerWorker.runSuite(SuiteRunnerWorker.java:53)
at org.testng.SuiteRunnerWorker.run(SuiteRunnerWorker.java:96)
at org.testng.TestNG.runSuitesSequentially(TestNG.java:1212)
at org.testng.TestNG.runSuitesLocally(TestNG.java:1134)
at org.testng.TestNG.runSuites(TestNG.java:1063)
at org.testng.TestNG.run(TestNG.java:1031)
at org.testng.remote.AbstractRemoteTestNG.run(AbstractRemoteTestNG.java:115)
at org.testng.remote.RemoteTestNG.initAndRun(RemoteTestNG.java:251)
at org.testng.remote.RemoteTestNG.main(RemoteTestNG.java:77)
Caused by: com.google.api.gax.rpc.PermissionDeniedException: io.grpc.StatusRuntimeException: PERMISSION_DENIED: Missing or insufficient permissions.
at com.google.api.gax.rpc.ApiExceptionFactory.createException(ApiExceptionFactory.java:53)
at com.google.api.gax.grpc.GrpcApiExceptionFactory.create(GrpcApiExceptionFactory.java:72)
at com.google.api.gax.grpc.GrpcApiExceptionFactory.create(GrpcApiExceptionFactory.java:60)
at com.google.api.gax.grpc.ExceptionResponseObserver.onErrorImpl(ExceptionResponseObserver.java:82)
at com.google.api.gax.rpc.StateCheckingResponseObserver.onError(StateCheckingResponseObserver.java:86)
at com.google.api.gax.grpc.GrpcDirectStreamController$ResponseObserverAdapter.onClose(GrpcDirectStreamController.java:149)
at io.grpc.PartialForwardingClientCallListener.onClose(PartialForwardingClientCallListener.java:39)
at io.grpc.ForwardingClientCallListener.onClose(ForwardingClientCallListener.java:23)
at io.grpc.ForwardingClientCallListener$SimpleForwardingClientCallListener.onClose(ForwardingClientCallListener.java:40)
at com.google.api.gax.grpc.ChannelPool$ReleasingClientCall$1.onClose(ChannelPool.java:455)
at io.grpc.internal.DelayedClientCall$DelayedListener$3.run(DelayedClientCall.java:463)
at io.grpc.internal.DelayedClientCall$DelayedListener.delayOrExecute(DelayedClientCall.java:427)
at io.grpc.internal.DelayedClientCall$DelayedListener.onClose(DelayedClientCall.java:460)
at io.grpc.internal.ClientCallImpl.closeObserver(ClientCallImpl.java:562)
at io.grpc.internal.ClientCallImpl.access$300(ClientCallImpl.java:70)
at io.grpc.internal.ClientCallImpl$ClientStreamListenerImpl$1StreamClosed.runInternal(ClientCallImpl.java:743)
at io.grpc.internal.ClientCallImpl$ClientStreamListenerImpl$1StreamClosed.runInContext(ClientCallImpl.java:722)
at io.grpc.internal.ContextRunnable.run(ContextRunnable.java:37)
at io.grpc.internal.SerializingExecutor.run(SerializingExecutor.java:133)
at java.base/java.util.concurrent.ThreadPoolExecutor.runWorker(ThreadPoolExecutor.java:1136)
at java.base/java.util.concurrent.ThreadPoolExecutor$Worker.run(ThreadPoolExecutor.java:635)
at java.base/java.lang.Thread.run(Thread.java:833)
Caused by: io.grpc.StatusRuntimeException: PERMISSION_DENIED: Missing or insufficient permissions.
at io.grpc.Status.asRuntimeException(Status.java:535)
... 17 more
]]>
    </error>
  </testcase> <!-- dbinstance -->
  <system-out/>
</testsuite> <!-- databasetesting.CloudFirebase -->
