<?xml version="1.0" encoding="UTF-8"?>
<!-- Generated by org.testng.reporters.JUnitReportReporter -->
<testsuite hostname="Amit" failures="0" tests="1" name="CanvasTrim" time="7.847" errors="0" timestamp="2022-09-20T19:15:54 IST" skipped="0">
  <testcase classname="CanvasTrim" name="navigation" time="7.847"/>
  <system-out/>
</testsuite> <!-- CanvasTrim -->
