<?xml version="1.0" encoding="UTF-8"?>
<!-- Generated by org.testng.reporters.JUnitReportReporter -->
<testsuite hostname="Amit" failures="0" tests="1" name="NtucApi" time="2.633" errors="0" timestamp="2022-08-12T14:23:15 IST" skipped="0">
  <testcase classname="NtucApi" name="start" time="2.633"/>
  <system-out/>
</testsuite> <!-- NtucApi -->
