<?xml version="1.0" encoding="UTF-8"?>
<!-- Generated by org.testng.reporters.JUnitReportReporter -->
<testsuite hostname="Amit" failures="0" tests="1" name="DesktopTesting.IclickerCloud" time="14.804" errors="0" timestamp="2022-05-06T15:34:48 IST" skipped="0">
  <testcase classname="DesktopTesting.IclickerCloud" name="start" time="14.804"/>
  <system-out/>
</testsuite> <!-- DesktopTesting.IclickerCloud -->
