<?xml version="1.0" encoding="UTF-8"?>
<!-- Generated by org.testng.reporters.JUnitReportReporter -->
<testsuite hostname="Amit" failures="0" tests="1" name="DesktopTesting.DesktopExcelTest" time="30.446" errors="0" timestamp="2022-04-26T10:47:04 IST" skipped="0">
  <testcase classname="DesktopTesting.DesktopExcelTest" name="start" time="30.446"/>
  <system-out/>
</testsuite> <!-- DesktopTesting.DesktopExcelTest -->
