<?xml version="1.0" encoding="UTF-8"?>
<!-- Generated by org.testng.reporters.JUnitReportReporter -->
<testsuite hostname="Amit" failures="0" tests="1" name="DesktopExcelTC3AddSheet" time="39.327" errors="0" timestamp="2022-04-26T10:41:08 IST" skipped="0">
  <testcase classname="DesktopExcelTC3AddSheet" name="start" time="39.327"/>
  <system-out/>
</testsuite> <!-- DesktopExcelTC3AddSheet -->
