<?xml version="1.0" encoding="UTF-8"?>
<!-- Generated by org.testng.reporters.JUnitReportReporter -->
<testsuite hostname="Amit" failures="0" tests="1" name="MathFunction" time="0.025" errors="0" timestamp="2022-03-14T18:38:19 IST" skipped="0">
  <testcase classname="MathFunction" name="add" time="0.025"/>
  <system-out/>
</testsuite> <!-- MathFunction -->
