<?xml version="1.0" encoding="UTF-8"?>
<!-- Generated by org.testng.reporters.JUnitReportReporter -->
<testsuite hostname="Amit" failures="0" tests="1" name="CanvasTrim" time="5.230" errors="0" timestamp="2022-09-21T21:56:38 IST" skipped="0">
  <testcase classname="CanvasTrim" name="navigation" time="5.230"/>
  <system-out/>
</testsuite> <!-- CanvasTrim -->
