<?xml version="1.0" encoding="UTF-8"?>
<!-- Generated by org.testng.reporters.JUnitReportReporter -->
<testsuite hostname="Amit" failures="0" tests="1" name="ChromeExtension" time="1.850" errors="0" timestamp="2022-07-04T21:09:59 IST" skipped="0">
  <testcase classname="ChromeExtension" name="execution" time="1.850"/>
  <system-out/>
</testsuite> <!-- ChromeExtension -->
