<?xml version="1.0" encoding="UTF-8"?>
<!-- Generated by org.testng.reporters.JUnitReportReporter -->
<testsuite hostname="Amit" failures="0" tests="1" name="KeyboardWeb" time="12.516" errors="0" timestamp="2022-09-05T19:10:53 IST" skipped="0">
  <testcase classname="KeyboardWeb" name="keytest" time="12.516"/>
  <system-out/>
</testsuite> <!-- KeyboardWeb -->
