<?xml version="1.0" encoding="UTF-8"?>
<!-- Generated by org.testng.reporters.JUnitReportReporter -->
<testsuite hostname="Amit" failures="0" tests="1" name="TesseractTess" time="19.600" errors="0" timestamp="2022-03-11T15:51:27 IST" skipped="0">
  <testcase classname="TesseractTess" name="test" time="19.600"/>
  <system-out/>
</testsuite> <!-- TesseractTess -->
