<?xml version="1.0" encoding="UTF-8"?>
<!-- Generated by org.testng.reporters.JUnitReportReporter -->
<testsuite hostname="Amit" failures="0" tests="1" name="DesktopTesting.DesktopExcelTC3AddSheet" time="36.980" errors="0" timestamp="2022-04-26T10:47:04 IST" skipped="0">
  <testcase classname="DesktopTesting.DesktopExcelTC3AddSheet" name="start" time="36.980"/>
  <system-out/>
</testsuite> <!-- DesktopTesting.DesktopExcelTC3AddSheet -->
