<?xml version="1.0" encoding="UTF-8"?>
<!-- Generated by org.testng.reporters.JUnitReportReporter -->
<testsuite hostname="Amit" failures="0" tests="1" name="DesktopExcelTest" time="28.412" errors="0" timestamp="2022-04-26T14:36:04 IST" skipped="0">
  <testcase classname="DesktopExcelTest" name="start" time="28.412"/>
  <system-out/>
</testsuite> <!-- DesktopExcelTest -->
