<?xml version="1.0" encoding="UTF-8"?>
<!-- Generated by org.testng.reporters.JUnitReportReporter -->
<testsuite hostname="Amit" failures="0" tests="1" name="ConsoleText" time="8.878" errors="0" timestamp="2022-09-09T16:25:26 IST" skipped="0">
  <testcase classname="ConsoleText" name="execution" time="8.878"/>
  <system-out/>
</testsuite> <!-- ConsoleText -->
