<?xml version="1.0" encoding="UTF-8"?>
<!-- Generated by org.testng.reporters.JUnitReportReporter -->
<testsuite hostname="Amit" failures="0" tests="1" name="SignDeskQrCode" time="11.734" errors="0" timestamp="2022-09-29T15:01:22 IST" skipped="0">
  <testcase classname="SignDeskQrCode" name="getqrcode" time="11.734"/>
  <system-out/>
</testsuite> <!-- SignDeskQrCode -->
