<?xml version="1.0" encoding="UTF-8"?>
<!-- Generated by org.testng.reporters.JUnitReportReporter -->
<testsuite hostname="Amit" failures="0" tests="1" name="NetgearIssue" time="0.013" errors="0" timestamp="2022-09-13T20:26:06 IST" skipped="0">
  <testcase classname="NetgearIssue" name="usejs" time="0.013"/>
  <system-out/>
</testsuite> <!-- NetgearIssue -->
