<?xml version="1.0" encoding="UTF-8"?>
<!-- Generated by org.testng.reporters.JUnitReportReporter -->
<testsuite hostname="Amit" failures="0" tests="1" name="MobileTests.AdbExe" time="0.054" errors="0" timestamp="2022-04-11T20:19:10 IST" skipped="0">
  <testcase classname="MobileTests.AdbExe" name="exe" time="0.054"/>
  <system-out/>
</testsuite> <!-- MobileTests.AdbExe -->
