<?xml version="1.0" encoding="UTF-8"?>
<!-- Generated by org.testng.reporters.JUnitReportReporter -->
<testsuite hostname="Amit" failures="0" tests="1" name="PdfBox" time="3.297" errors="0" timestamp="2022-08-19T22:04:46 IST" skipped="0">
  <testcase classname="PdfBox" name="validatepdf" time="3.297"/>
  <system-out/>
</testsuite> <!-- PdfBox -->
