<?xml version="1.0" encoding="UTF-8"?>
<!-- Generated by org.testng.reporters.JUnitReportReporter -->
<testsuite hostname="Amit" failures="0" tests="1" name="simplejava" time="0.011" errors="0" timestamp="2022-09-14T19:42:27 IST" skipped="0">
  <testcase classname="simplejava" name="reverse" time="0.011"/>
  <system-out/>
</testsuite> <!-- simplejava -->
