<?xml version="1.0" encoding="UTF-8"?>
<!-- Generated by org.testng.reporters.JUnitReportReporter -->
<testsuite hostname="Amit" failures="0" tests="1" name="FindElements" time="65.380" errors="0" timestamp="2022-09-12T16:52:09 IST" skipped="0">
  <testcase classname="FindElements" name="navigation" time="65.380"/>
  <system-out/>
</testsuite> <!-- FindElements -->
