<?xml version="1.0" encoding="UTF-8"?>
<!-- Generated by org.testng.reporters.JUnitReportReporter -->
<testsuite hostname="Amit" failures="0" tests="1" name="DesktopExcelTc2" time="20.694" errors="0" timestamp="2022-04-26T14:40:20 IST" skipped="0">
  <testcase classname="DesktopExcelTc2" name="start" time="20.694"/>
  <system-out/>
</testsuite> <!-- DesktopExcelTc2 -->
